<?xml version="1.0" encoding="UTF-8"?>
<!-- Generated by org.testng.reporters.JUnitReportReporter -->
<testsuite hostname="DESKTOP-TR92O59" failures="0" tests="3" name="testcases.RateMovieTests" time="3.274" errors="0" timestamp="2021-02-21T19:49:30 CET" skipped="0">
  <testcase classname="testcases.RateMovieTests" name="rateMovieWithValidGuestSession" time="0.660"/>
  <system-out/>
  <testcase classname="testcases.RateMovieTests" name="getRequestTokenTest" time="1.934"/>
  <system-out/>
  <testcase classname="testcases.RateMovieTests" name="rateMovieWithInValidGuestSession" time="0.680"/>
  <system-out/>
</testsuite> <!-- testcases.RateMovieTests -->
